\BOOKMARK [0][-]{chapter.1}{\376\377\000G\000e\000t\000t\000i\000n\000g\000\040\000S\000t\000a\000r\000t\000e\000d}{}% 1
\BOOKMARK [1][-]{section.1.1}{\376\377\000W\000h\000a\000t\000\040\000i\000s\000\040\000d\000f\000o\000i\000l\000?}{chapter.1}% 2
\BOOKMARK [1][-]{section.1.2}{\376\377\000H\000o\000w\000\040\000d\000o\000\040\000I\000\040\000c\000i\000t\000e\000\040\000t\000h\000i\000s\000\040\000s\000o\000f\000w\000a\000r\000e\000?}{chapter.1}% 3
\BOOKMARK [1][-]{section.1.3}{\376\377\000R\000e\000q\000u\000i\000r\000e\000m\000e\000n\000t\000s}{chapter.1}% 4
\BOOKMARK [1][-]{section.1.4}{\376\377\000I\000n\000s\000t\000a\000l\000l\000a\000t\000i\000o\000n}{chapter.1}% 5
\BOOKMARK [1][-]{section.1.5}{\376\377\000P\000r\000e\000p\000a\000r\000i\000n\000g\000\040\000y\000o\000u\000r\000\040\000d\000a\000t\000a}{chapter.1}% 6
\BOOKMARK [1][-]{section.1.6}{\376\377\000R\000u\000n\000n\000i\000n\000g\000\040\000d\000f\000o\000i\000l\000.\000p\000y}{chapter.1}% 7
\BOOKMARK [1][-]{section.1.7}{\376\377\000O\000u\000t\000p\000u\000t\000\040\000F\000o\000r\000m\000a\000t}{chapter.1}% 8
\BOOKMARK [1][-]{section.1.8}{\376\377\000L\000i\000c\000e\000n\000s\000e}{chapter.1}% 9
\BOOKMARK [0][-]{chapter.2}{\376\377\000P\000r\000o\000g\000r\000a\000m\000\040\000P\000a\000r\000a\000m\000e\000t\000e\000r\000\040\000D\000e\000s\000c\000r\000i\000p\000t\000i\000o\000n\000s}{}% 10
\BOOKMARK [1][-]{section.2.1}{\376\377\000d\000f\000o\000i\000l}{chapter.2}% 11
\BOOKMARK [1][-]{section.2.2}{\376\377\000d\000f\000o\000i\000l\000\137\000a\000n\000a\000l\000y\000z\000e}{chapter.2}% 12
\BOOKMARK [1][-]{section.2.3}{\376\377\000d\000f\000o\000i\000l\000\137\000s\000i\000m}{chapter.2}% 13
\BOOKMARK [1][-]{section.2.4}{\376\377\000f\000a\000s\000t\000a\0002\000d\000f\000o\000i\000l}{chapter.2}% 14
\BOOKMARK [0][-]{chapter.3}{\376\377\000V\000e\000r\000s\000i\000o\000n\000\040\000H\000i\000s\000t\000o\000r\000y}{}% 15
\BOOKMARK [1][-]{section.3.1}{\376\377\0002\0000\0001\0007\000-\0000\0008\000-\0002\0005}{chapter.3}% 16
\BOOKMARK [1][-]{section.3.2}{\376\377\0002\0000\0001\0007\000-\0000\0006\000-\0001\0004}{chapter.3}% 17
\BOOKMARK [1][-]{section.3.3}{\376\377\0002\0000\0001\0007\000-\0000\0001\000-\0002\0009}{chapter.3}% 18
\BOOKMARK [1][-]{section.3.4}{\376\377\0002\0000\0001\0005\000-\0001\0001\000-\0002\0003}{chapter.3}% 19
\BOOKMARK [1][-]{section.3.5}{\376\377\0002\0000\0001\0005\000-\0000\0004\000-\0001\0007}{chapter.3}% 20
\BOOKMARK [1][-]{section.3.6}{\376\377\0002\0000\0001\0004\000-\0000\0004\000-\0002\0008}{chapter.3}% 21
\BOOKMARK [1][-]{section.3.7}{\376\377\0002\0000\0001\0004\000-\0000\0002\000-\0000\0007}{chapter.3}% 22
\BOOKMARK [0][-]{chapter.4}{\376\377\000I\000n\000d\000i\000c\000e\000s\000\040\000a\000n\000d\000\040\000t\000a\000b\000l\000e\000s}{}% 23
